/var/log/mysql
/var/lib/mysql-upgrade
/var/lib/dpkg/info/mysql-common.postrm
/var/lib/dpkg/info/mysql-server-5.7.conffiles
/var/lib/dpkg/info/mysql-server-core-5.7.md5sums
/var/lib/dpkg/info/mysql-server-5.7.postinst
/var/lib/dpkg/info/mysql-client-core-5.7.list
/var/lib/dpkg/info/mysql-server-5.7.prerm
/var/lib/dpkg/info/mysql-client-5.7.list
/var/lib/dpkg/info/mysql-server.md5sums
/var/lib/dpkg/info/mysql-client-5.7.md5sums
/var/lib/dpkg/info/mysql-server-5.7.config
/var/lib/dpkg/info/mysql-common.preinst
/var/lib/dpkg/info/mysql-client-core-5.7.md5sums
/var/lib/dpkg/info/mysql-server-5.7.templates
/var/lib/dpkg/info/mysql-common.postinst
/var/lib/dpkg/info/mysql-common.prerm
/var/lib/dpkg/info/mysql-server-5.7.preinst
/var/lib/dpkg/info/mysql-common.md5sums
/var/lib/dpkg/info/mysql-server-5.7.list
/var/lib/dpkg/info/mysql-server-5.7.md5sums
/var/lib/dpkg/info/mysql-server-core-5.7.list
/var/lib/dpkg/info/mysql-common.list
/var/lib/dpkg/info/mysql-common.conffiles
/var/lib/dpkg/info/mythes-en-us.md5sums
/var/lib/dpkg/info/mysql-server.list
/var/lib/dpkg/info/mysql-server-5.7.postrm
/var/lib/dpkg/info/mythes-en-us.list
/var/lib/dpkg/alternatives/my.cnf
/var/lib/mysql-files
/var/lib/systemd/deb-systemd-helper-enabled/multi-user.target.wants/mysql.service
/var/lib/systemd/deb-systemd-helper-enabled/mysql.service.dsh-also
/var/lib/mysql-keyring
/var/lib/mysql
/var/lib/app-info/icons/ubuntu-xenial-updates-multiverse/64x64/mythtv-backend_mythtv.png
/var/lib/app-info/icons/ubuntu-xenial-updates-multiverse/64x64/mythtv-frontend_mythtv.png
/var/lib/app-info/icons/ubuntu-xenial-multiverse/64x64/mythtv-backend_mythtv.png
/var/lib/app-info/icons/ubuntu-xenial-multiverse/64x64/mythtv-frontend_mythtv.png
/var/lib/app-info/icons/ubuntu-xenial-universe/64x64/mypaint_mypaint.png
/var/lib/app-info/icons/ubuntu-xenial-universe/64x64/mythbuntu-log-grabber_mythbuntu-log-grabber.png
/var/lib/app-info/icons/ubuntu-xenial-universe/64x64/mythbuntu-control-centre_mythbuntu.png
/var/lib/app-info/icons/ubuntu-xenial-universe/64x64/mysql-workbench_mysql-workbench.png
/var/cache/man/my
/var/cache/apt/archives/mysql-common_5.7.27-0ubuntu0.16.04.1_all.deb
/var/cache/apt/archives/mysql-client-core-5.7_5.7.27-0ubuntu0.16.04.1_amd64.deb
/var/cache/apt/archives/mysql-server_5.7.27-0ubuntu0.16.04.1_all.deb
/var/cache/apt/archives/mysql-server-5.7_5.7.27-0ubuntu0.16.04.1_amd64.deb
/var/cache/apt/archives/mysql-server-core-5.7_5.7.27-0ubuntu0.16.04.1_amd64.deb
/var/cache/apt/archives/mysql-client-5.7_5.7.27-0ubuntu0.16.04.1_amd64.deb
/lib/firmware/myri10ge_rss_ethp_z8e.dat
/lib/firmware/myri10ge_rss_eth_big_z8e.dat
/lib/firmware/myri10ge_rss_ethp_big_z8e.dat
/lib/firmware/myri10ge_rss_eth_z8e.dat
/lib/firmware/myri10ge_eth_z8e.dat
/lib/firmware/myri10ge_eth_big_z8e.dat
/lib/firmware/myri10ge_ethp_big_z8e.dat
/lib/firmware/myri10ge_ethp_z8e.dat
/lib/systemd/system/mysql.service
/lib/modules/4.15.0-65-generic/kernel/drivers/net/ethernet/myricom
/lib/modules/4.15.0-65-generic/kernel/drivers/net/ethernet/myricom/myri10ge
/lib/modules/4.15.0-65-generic/kernel/drivers/net/ethernet/myricom/myri10ge/myri10ge.ko
/lib/modules/4.15.0-66-generic/kernel/drivers/net/ethernet/myricom
/lib/modules/4.15.0-66-generic/kernel/drivers/net/ethernet/myricom/myri10ge
/lib/modules/4.15.0-66-generic/kernel/drivers/net/ethernet/myricom/myri10ge/myri10ge.ko
/sys/fs/cgroup/devices/system.slice/mysql.service
/sys/fs/cgroup/systemd/system.slice/mysql.service
/home/srm/.config/libreoffice/4/user/autotext/mytexts.bau
/home/srm/Downloads/Excel-Writer-XLSX-1.00/t/regression/images/mylogo.png
/home/srm/Downloads/DateTime-Locale-1.24/lib/DateTime/Locale/my.pod
/home/srm/Downloads/DateTime-Locale-1.24/lib/DateTime/Locale/my_MM.pod
/home/srm/Downloads/DateTime-Locale-1.24/share/my.pl
/home/srm/Downloads/DateTime-Locale-1.24/share/my-MM.pl
/home/srm/Downloads/perl-5.28.2/vms/myconfig.com
/home/srm/Downloads/perl-5.28.2/mydtrace.h
/home/srm/Downloads/perl-5.28.2/cpan/autodie/t/lib/my
/home/srm/Downloads/perl-5.28.2/os2/OS2/OS2-ExtAttr/myea.h
/home/srm/Downloads/perl-5.28.2/ext/XS-APItest/t/my_cxt.t
/home/srm/Downloads/perl-5.28.2/ext/XS-APItest/t/my_exit.t
/home/srm/Downloads/perl-5.28.2/t/lib/mypragma.pm
/home/srm/Downloads/perl-5.28.2/t/lib/mypragma.t
/home/srm/Downloads/perl-5.28.2/t/op/my_stash.t
/home/srm/Downloads/perl-5.28.2/t/op/my.t
/home/srm/Downloads/perl-5.28.2/t/op/mydef.t
/home/srm/Downloads/perl-5.28.2/plan9/myconfig.plan9
/home/srm/Downloads/perl-5.28.2/myconfig.SH
/home/srm/Desktop/Untitled Folder 3/VLSI15/mysql_cmds
